{"/Users/muktarahmed/Desktop/bootcamp/challenges/profile-Generator/lib/Character.js": {"path":"/Users/muktarahmed/Desktop/bootcamp/challenges/profile-Generator/lib/Character.js","statementMap":{"0":{"start":{"line":3,"column":8},"end":{"line":3,"column":28}},"1":{"start":{"line":4,"column":8},"end":{"line":4,"column":30}},"2":{"start":{"line":5,"column":8},"end":{"line":5,"column":40}},"3":{"start":{"line":9,"column":0},"end":{"line":9,"column":27}}},"fnMap":{"0":{"name":"(anonymous_0)","decl":{"start":{"line":2,"column":4},"end":{"line":2,"column":5}},"loc":{"start":{"line":2,"column":20},"end":{"line":6,"column":9}},"line":2}},"branchMap":{},"s":{"0":1,"1":1,"2":1,"3":1},"f":{"0":1},"b":{},"_coverageSchema":"1a1c01bbd47fc00a2c39e90264f33305004495a9","hash":"c647375589851eae115d671f1485900d6cc82b77"}
,"/Users/muktarahmed/Desktop/bootcamp/challenges/profile-Generator/lib/Manager.js": {"path":"/Users/muktarahmed/Desktop/bootcamp/challenges/profile-Generator/lib/Manager.js","statementMap":{"0":{"start":{"line":1,"column":18},"end":{"line":1,"column":45}},"1":{"start":{"line":5,"column":4},"end":{"line":5,"column":15}},"2":{"start":{"line":9,"column":0},"end":{"line":9,"column":36}},"3":{"start":{"line":19,"column":0},"end":{"line":19,"column":25}}},"fnMap":{"0":{"name":"(anonymous_0)","decl":{"start":{"line":4,"column":0},"end":{"line":4,"column":1}},"loc":{"start":{"line":4,"column":16},"end":{"line":10,"column":1}},"line":4}},"branchMap":{},"s":{"0":1,"1":1,"2":1,"3":1},"f":{"0":1},"b":{},"_coverageSchema":"1a1c01bbd47fc00a2c39e90264f33305004495a9","hash":"edd4a0b6e6c260f1bb9989c3baf7dbb598ab519d"}
}
